{"/Users/subhangsinghgaharwar/development/frontend-assignment-sl/src/App.jsx": {"path":"/Users/subhangsinghgaharwar/development/frontend-assignment-sl/src/App.jsx","all":false,"statementMap":{"0":{"start":{"line":1,"column":0},"end":{"line":1,"column":18}},"1":{"start":{"line":2,"column":0},"end":{"line":2,"column":41}},"3":{"start":{"line":4,"column":0},"end":{"line":4,"column":17}},"4":{"start":{"line":5,"column":0},"end":{"line":5,"column":20}},"5":{"start":{"line":6,"column":0},"end":{"line":6,"column":1}},"7":{"start":{"line":8,"column":0},"end":{"line":8,"column":18}}},"s":{"0":1,"1":1,"3":1,"4":1,"5":1,"7":1},"branchMap":{"0":{"type":"branch","line":4,"loc":{"start":{"line":4,"column":0},"end":{"line":6,"column":1}},"locations":[{"start":{"line":4,"column":0},"end":{"line":6,"column":1}}]}},"b":{"0":[1]},"fnMap":{"0":{"name":"App","decl":{"start":{"line":4,"column":0},"end":{"line":6,"column":1}},"loc":{"start":{"line":4,"column":0},"end":{"line":6,"column":1}},"line":4}},"f":{"0":1}}
,"/Users/subhangsinghgaharwar/development/frontend-assignment-sl/src/main.jsx": {"path":"/Users/subhangsinghgaharwar/development/frontend-assignment-sl/src/main.jsx","all":true,"statementMap":{"0":{"start":{"line":1,"column":0},"end":{"line":1,"column":45}},"1":{"start":{"line":2,"column":0},"end":{"line":2,"column":20}},"2":{"start":{"line":3,"column":0},"end":{"line":3,"column":27}},"4":{"start":{"line":5,"column":0},"end":{"line":5,"column":59}}},"s":{"0":0,"1":0,"2":0,"4":0},"branchMap":{"0":{"type":"branch","line":1,"loc":{"start":{"line":1,"column":155},"end":{"line":5,"column":59}},"locations":[{"start":{"line":1,"column":155},"end":{"line":5,"column":59}}]}},"b":{"0":[0]},"fnMap":{"0":{"name":"(empty-report)","decl":{"start":{"line":1,"column":155},"end":{"line":5,"column":59}},"loc":{"start":{"line":1,"column":155},"end":{"line":5,"column":59}},"line":1}},"f":{"0":0}}
,"/Users/subhangsinghgaharwar/development/frontend-assignment-sl/src/components/Pagination.jsx": {"path":"/Users/subhangsinghgaharwar/development/frontend-assignment-sl/src/components/Pagination.jsx","all":false,"statementMap":{"0":{"start":{"line":1,"column":0},"end":{"line":1,"column":34}},"2":{"start":{"line":3,"column":0},"end":{"line":3,"column":58}},"3":{"start":{"line":4,"column":0},"end":{"line":4,"column":10}},"4":{"start":{"line":5,"column":0},"end":{"line":5,"column":32}},"5":{"start":{"line":6,"column":0},"end":{"line":6,"column":13}},"6":{"start":{"line":7,"column":0},"end":{"line":7,"column":34}},"7":{"start":{"line":8,"column":0},"end":{"line":8,"column":44}},"8":{"start":{"line":9,"column":0},"end":{"line":9,"column":48}},"9":{"start":{"line":10,"column":0},"end":{"line":10,"column":29}},"10":{"start":{"line":11,"column":0},"end":{"line":11,"column":7}},"12":{"start":{"line":13,"column":0},"end":{"line":13,"column":15}},"13":{"start":{"line":14,"column":0},"end":{"line":14,"column":64}},"14":{"start":{"line":15,"column":0},"end":{"line":15,"column":13}},"15":{"start":{"line":16,"column":0},"end":{"line":16,"column":44}},"16":{"start":{"line":17,"column":0},"end":{"line":17,"column":29}},"17":{"start":{"line":18,"column":0},"end":{"line":18,"column":30}},"18":{"start":{"line":19,"column":0},"end":{"line":19,"column":48}},"19":{"start":{"line":20,"column":0},"end":{"line":20,"column":7}},"21":{"start":{"line":22,"column":0},"end":{"line":22,"column":15}},"22":{"start":{"line":23,"column":0},"end":{"line":23,"column":10}},"24":{"start":{"line":25,"column":0},"end":{"line":25,"column":1}},"26":{"start":{"line":27,"column":0},"end":{"line":27,"column":25}}},"s":{"0":1,"2":1,"3":10,"4":10,"5":10,"6":10,"7":10,"8":10,"9":10,"10":10,"12":10,"13":10,"14":10,"15":10,"16":10,"17":10,"18":10,"19":10,"21":10,"22":10,"24":10,"26":1},"branchMap":{"0":{"type":"branch","line":3,"loc":{"start":{"line":3,"column":19},"end":{"line":25,"column":1}},"locations":[{"start":{"line":3,"column":19},"end":{"line":25,"column":1}}]},"1":{"type":"branch","line":9,"loc":{"start":{"line":9,"column":28},"end":{"line":9,"column":45}},"locations":[{"start":{"line":9,"column":28},"end":{"line":9,"column":45}}]},"2":{"type":"branch","line":9,"loc":{"start":{"line":9,"column":32},"end":{"line":9,"column":48}},"locations":[{"start":{"line":9,"column":32},"end":{"line":9,"column":48}}]},"3":{"type":"branch","line":19,"loc":{"start":{"line":19,"column":19},"end":{"line":19,"column":45}},"locations":[{"start":{"line":19,"column":19},"end":{"line":19,"column":45}}]},"4":{"type":"branch","line":19,"loc":{"start":{"line":19,"column":32},"end":{"line":19,"column":48}},"locations":[{"start":{"line":19,"column":32},"end":{"line":19,"column":48}}]},"5":{"type":"branch","line":8,"loc":{"start":{"line":8,"column":17},"end":{"line":8,"column":44}},"locations":[{"start":{"line":8,"column":17},"end":{"line":8,"column":44}}]},"6":{"type":"branch","line":16,"loc":{"start":{"line":16,"column":17},"end":{"line":16,"column":44}},"locations":[{"start":{"line":16,"column":17},"end":{"line":16,"column":44}}]}},"b":{"0":[10],"1":[8],"2":[2],"3":[2],"4":[8],"5":[1],"6":[2]},"fnMap":{"0":{"name":"Pagination","decl":{"start":{"line":3,"column":19},"end":{"line":25,"column":1}},"loc":{"start":{"line":3,"column":19},"end":{"line":25,"column":1}},"line":3},"1":{"name":"onClick","decl":{"start":{"line":8,"column":17},"end":{"line":8,"column":44}},"loc":{"start":{"line":8,"column":17},"end":{"line":8,"column":44}},"line":8},"2":{"name":"onClick","decl":{"start":{"line":16,"column":17},"end":{"line":16,"column":44}},"loc":{"start":{"line":16,"column":17},"end":{"line":16,"column":44}},"line":16}},"f":{"0":10,"1":1,"2":2}}
,"/Users/subhangsinghgaharwar/development/frontend-assignment-sl/src/components/Table.jsx": {"path":"/Users/subhangsinghgaharwar/development/frontend-assignment-sl/src/components/Table.jsx","all":false,"statementMap":{"0":{"start":{"line":1,"column":0},"end":{"line":1,"column":28}},"2":{"start":{"line":3,"column":0},"end":{"line":3,"column":38}},"3":{"start":{"line":4,"column":0},"end":{"line":4,"column":16}},"4":{"start":{"line":5,"column":0},"end":{"line":5,"column":32}},"5":{"start":{"line":6,"column":0},"end":{"line":6,"column":3}},"6":{"start":{"line":7,"column":0},"end":{"line":7,"column":10}},"7":{"start":{"line":8,"column":0},"end":{"line":8,"column":37}},"8":{"start":{"line":9,"column":0},"end":{"line":9,"column":13}},"9":{"start":{"line":10,"column":0},"end":{"line":10,"column":12}},"10":{"start":{"line":11,"column":0},"end":{"line":11,"column":36}},"11":{"start":{"line":12,"column":0},"end":{"line":12,"column":48}},"12":{"start":{"line":13,"column":0},"end":{"line":13,"column":45}},"13":{"start":{"line":14,"column":0},"end":{"line":14,"column":13}},"14":{"start":{"line":15,"column":0},"end":{"line":15,"column":14}},"15":{"start":{"line":16,"column":0},"end":{"line":16,"column":13}},"16":{"start":{"line":17,"column":0},"end":{"line":17,"column":33}},"17":{"start":{"line":18,"column":0},"end":{"line":18,"column":18}},"18":{"start":{"line":19,"column":0},"end":{"line":19,"column":35}},"19":{"start":{"line":20,"column":0},"end":{"line":20,"column":37}},"20":{"start":{"line":21,"column":0},"end":{"line":21,"column":50}},"21":{"start":{"line":22,"column":0},"end":{"line":22,"column":44}},"22":{"start":{"line":23,"column":0},"end":{"line":23,"column":17}},"23":{"start":{"line":24,"column":0},"end":{"line":24,"column":18}},"24":{"start":{"line":25,"column":0},"end":{"line":25,"column":10}},"25":{"start":{"line":26,"column":0},"end":{"line":26,"column":14}},"26":{"start":{"line":27,"column":0},"end":{"line":27,"column":12}},"28":{"start":{"line":29,"column":0},"end":{"line":29,"column":1}},"30":{"start":{"line":31,"column":0},"end":{"line":31,"column":20}}},"s":{"0":1,"2":1,"3":7,"4":2,"5":2,"6":5,"7":5,"8":5,"9":5,"10":5,"11":5,"12":5,"13":5,"14":5,"15":5,"16":7,"17":8,"18":8,"19":8,"20":8,"21":8,"22":8,"23":0,"24":7,"25":7,"26":7,"28":7,"30":1},"branchMap":{"0":{"type":"branch","line":3,"loc":{"start":{"line":3,"column":14},"end":{"line":29,"column":1}},"locations":[{"start":{"line":3,"column":14},"end":{"line":29,"column":1}}]},"1":{"type":"branch","line":4,"loc":{"start":{"line":4,"column":15},"end":{"line":17,"column":18}},"locations":[{"start":{"line":4,"column":15},"end":{"line":17,"column":18}}]},"2":{"type":"branch","line":4,"loc":{"start":{"line":4,"column":15},"end":{"line":6,"column":3}},"locations":[{"start":{"line":4,"column":15},"end":{"line":6,"column":3}}]},"3":{"type":"branch","line":6,"loc":{"start":{"line":6,"column":2},"end":{"line":17,"column":18}},"locations":[{"start":{"line":6,"column":2},"end":{"line":17,"column":18}}]},"4":{"type":"branch","line":17,"loc":{"start":{"line":17,"column":10},"end":{"line":17,"column":22}},"locations":[{"start":{"line":17,"column":10},"end":{"line":17,"column":22}}]},"5":{"type":"branch","line":17,"loc":{"start":{"line":17,"column":26},"end":{"line":24,"column":18}},"locations":[{"start":{"line":17,"column":26},"end":{"line":24,"column":18}}]},"6":{"type":"branch","line":23,"loc":{"start":{"line":23,"column":12},"end":{"line":24,"column":18}},"locations":[{"start":{"line":23,"column":12},"end":{"line":24,"column":18}}]}},"b":{"0":[7],"1":[6],"2":[2],"3":[5],"4":[0],"5":[8],"6":[0]},"fnMap":{"0":{"name":"Table","decl":{"start":{"line":3,"column":14},"end":{"line":29,"column":1}},"loc":{"start":{"line":3,"column":14},"end":{"line":29,"column":1}},"line":3}},"f":{"0":7}}
,"/Users/subhangsinghgaharwar/development/frontend-assignment-sl/src/components/Wrapper.jsx": {"path":"/Users/subhangsinghgaharwar/development/frontend-assignment-sl/src/components/Wrapper.jsx","all":false,"statementMap":{"0":{"start":{"line":1,"column":0},"end":{"line":1,"column":64}},"1":{"start":{"line":2,"column":0},"end":{"line":2,"column":33}},"2":{"start":{"line":3,"column":0},"end":{"line":3,"column":37}},"3":{"start":{"line":4,"column":0},"end":{"line":4,"column":30}},"4":{"start":{"line":5,"column":0},"end":{"line":5,"column":47}},"6":{"start":{"line":7,"column":0},"end":{"line":7,"column":16}},"7":{"start":{"line":8,"column":0},"end":{"line":8,"column":111}},"9":{"start":{"line":10,"column":0},"end":{"line":10,"column":21}},"10":{"start":{"line":11,"column":0},"end":{"line":11,"column":75}},"11":{"start":{"line":12,"column":0},"end":{"line":12,"column":57}},"12":{"start":{"line":13,"column":0},"end":{"line":13,"column":19}},"13":{"start":{"line":14,"column":0},"end":{"line":14,"column":15}},"14":{"start":{"line":15,"column":0},"end":{"line":15,"column":8}},"15":{"start":{"line":16,"column":0},"end":{"line":16,"column":10}},"16":{"start":{"line":17,"column":0},"end":{"line":17,"column":35}},"17":{"start":{"line":18,"column":0},"end":{"line":18,"column":46}},"18":{"start":{"line":19,"column":0},"end":{"line":19,"column":39}},"19":{"start":{"line":20,"column":0},"end":{"line":20,"column":45}},"20":{"start":{"line":21,"column":0},"end":{"line":21,"column":80}},"21":{"start":{"line":22,"column":0},"end":{"line":22,"column":10}},"23":{"start":{"line":24,"column":0},"end":{"line":24,"column":1}},"25":{"start":{"line":26,"column":0},"end":{"line":26,"column":22}}},"s":{"0":1,"1":1,"2":1,"3":1,"4":1,"6":1,"7":1,"9":5,"10":5,"11":5,"12":5,"13":5,"14":5,"15":5,"16":5,"17":5,"18":5,"19":5,"20":5,"21":5,"23":5,"25":1},"branchMap":{"0":{"type":"branch","line":10,"loc":{"start":{"line":10,"column":0},"end":{"line":24,"column":1}},"locations":[{"start":{"line":10,"column":0},"end":{"line":24,"column":1}}]},"1":{"type":"branch","line":19,"loc":{"start":{"line":19,"column":7},"end":{"line":19,"column":34}},"locations":[{"start":{"line":19,"column":7},"end":{"line":19,"column":34}}]},"2":{"type":"branch","line":19,"loc":{"start":{"line":19,"column":26},"end":{"line":19,"column":39}},"locations":[{"start":{"line":19,"column":26},"end":{"line":19,"column":39}}]},"3":{"type":"branch","line":13,"loc":{"start":{"line":13,"column":12},"end":{"line":15,"column":5}},"locations":[{"start":{"line":13,"column":12},"end":{"line":15,"column":5}}]}},"b":{"0":[5],"1":[1],"2":[4],"3":[5]},"fnMap":{"0":{"name":"Wrapper","decl":{"start":{"line":10,"column":0},"end":{"line":24,"column":1}},"loc":{"start":{"line":10,"column":0},"end":{"line":24,"column":1}},"line":10}},"f":{"0":5}}
,"/Users/subhangsinghgaharwar/development/frontend-assignment-sl/src/dist/assets/index-B2Ml8GGN.js": {"path":"/Users/subhangsinghgaharwar/development/frontend-assignment-sl/src/dist/assets/index-B2Ml8GGN.js","all":true,"statementMap":{"0":{"start":{"line":1,"column":0},"end":{"line":1,"column":760}},"1":{"start":{"line":2,"column":0},"end":{"line":2,"column":17}},"2":{"start":{"line":3,"column":0},"end":{"line":3,"column":26}},"3":{"start":{"line":4,"column":0},"end":{"line":4,"column":2}},"4":{"start":{"line":5,"column":0},"end":{"line":5,"column":51}},"5":{"start":{"line":6,"column":0},"end":{"line":6,"column":2}},"6":{"start":{"line":7,"column":0},"end":{"line":7,"column":66}},"7":{"start":{"line":8,"column":0},"end":{"line":8,"column":58}},"8":{"start":{"line":9,"column":0},"end":{"line":9,"column":6577}},"9":{"start":{"line":10,"column":0},"end":{"line":10,"column":17}},"10":{"start":{"line":11,"column":0},"end":{"line":11,"column":38}},"11":{"start":{"line":12,"column":0},"end":{"line":12,"column":2}},"12":{"start":{"line":13,"column":0},"end":{"line":13,"column":51}},"13":{"start":{"line":14,"column":0},"end":{"line":14,"column":2}},"14":{"start":{"line":15,"column":0},"end":{"line":15,"column":66}},"15":{"start":{"line":16,"column":0},"end":{"line":16,"column":58}},"16":{"start":{"line":17,"column":0},"end":{"line":17,"column":662}},"17":{"start":{"line":18,"column":0},"end":{"line":18,"column":17}},"18":{"start":{"line":19,"column":0},"end":{"line":19,"column":30}},"19":{"start":{"line":20,"column":0},"end":{"line":20,"column":2}},"20":{"start":{"line":21,"column":0},"end":{"line":21,"column":51}},"21":{"start":{"line":22,"column":0},"end":{"line":22,"column":2}},"22":{"start":{"line":23,"column":0},"end":{"line":23,"column":66}},"23":{"start":{"line":24,"column":0},"end":{"line":24,"column":58}},"24":{"start":{"line":25,"column":0},"end":{"line":25,"column":3891}},"25":{"start":{"line":26,"column":0},"end":{"line":26,"column":17}},"26":{"start":{"line":27,"column":0},"end":{"line":27,"column":30}},"27":{"start":{"line":28,"column":0},"end":{"line":28,"column":2}},"28":{"start":{"line":29,"column":0},"end":{"line":29,"column":51}},"29":{"start":{"line":30,"column":0},"end":{"line":30,"column":2}},"30":{"start":{"line":31,"column":0},"end":{"line":31,"column":66}},"31":{"start":{"line":32,"column":0},"end":{"line":32,"column":58}},"32":{"start":{"line":33,"column":0},"end":{"line":33,"column":6108}},"33":{"start":{"line":34,"column":0},"end":{"line":34,"column":512}},"34":{"start":{"line":35,"column":0},"end":{"line":35,"column":20}},"35":{"start":{"line":36,"column":0},"end":{"line":36,"column":153}},"36":{"start":{"line":37,"column":0},"end":{"line":37,"column":37509}},"37":{"start":{"line":38,"column":0},"end":{"line":38,"column":27833}},"38":{"start":{"line":39,"column":0},"end":{"line":39,"column":37}},"39":{"start":{"line":40,"column":0},"end":{"line":40,"column":71087}},"40":{"start":{"line":41,"column":0},"end":{"line":41,"column":2709}},"41":{"start":{"line":42,"column":0},"end":{"line":42,"column":11518}},"42":{"start":{"line":43,"column":0},"end":{"line":43,"column":18}},"43":{"start":{"line":44,"column":0},"end":{"line":44,"column":2210}},"44":{"start":{"line":45,"column":0},"end":{"line":45,"column":7126}}},"s":{"0":0,"1":0,"2":0,"3":0,"4":0,"5":0,"6":0,"7":0,"8":0,"9":0,"10":0,"11":0,"12":0,"13":0,"14":0,"15":0,"16":0,"17":0,"18":0,"19":0,"20":0,"21":0,"22":0,"23":0,"24":0,"25":0,"26":0,"27":0,"28":0,"29":0,"30":0,"31":0,"32":0,"33":0,"34":0,"35":0,"36":0,"37":0,"38":0,"39":0,"40":0,"41":0,"42":0,"43":0,"44":0},"branchMap":{"0":{"type":"branch","line":1,"loc":{"start":{"line":1,"column":179682},"end":{"line":45,"column":7126}},"locations":[{"start":{"line":1,"column":179682},"end":{"line":45,"column":7126}}]}},"b":{"0":[0]},"fnMap":{"0":{"name":"(empty-report)","decl":{"start":{"line":1,"column":179682},"end":{"line":45,"column":7126}},"loc":{"start":{"line":1,"column":179682},"end":{"line":45,"column":7126}},"line":1}},"f":{"0":0}}
,"/Users/subhangsinghgaharwar/development/frontend-assignment-sl/src/hooks/usePaginatedDataFetch.jsx": {"path":"/Users/subhangsinghgaharwar/development/frontend-assignment-sl/src/hooks/usePaginatedDataFetch.jsx","all":false,"statementMap":{"0":{"start":{"line":1,"column":0},"end":{"line":1,"column":56}},"1":{"start":{"line":2,"column":0},"end":{"line":2,"column":25}},"3":{"start":{"line":4,"column":0},"end":{"line":4,"column":40}},"4":{"start":{"line":5,"column":0},"end":{"line":5,"column":24}},"5":{"start":{"line":6,"column":0},"end":{"line":6,"column":22}},"6":{"start":{"line":7,"column":0},"end":{"line":7,"column":14}},"7":{"start":{"line":8,"column":0},"end":{"line":8,"column":17}},"8":{"start":{"line":9,"column":0},"end":{"line":9,"column":21}},"9":{"start":{"line":10,"column":0},"end":{"line":10,"column":7}},"10":{"start":{"line":11,"column":0},"end":{"line":11,"column":30}},"11":{"start":{"line":12,"column":0},"end":{"line":12,"column":14}},"12":{"start":{"line":13,"column":0},"end":{"line":13,"column":17}},"13":{"start":{"line":14,"column":0},"end":{"line":14,"column":34}},"14":{"start":{"line":15,"column":0},"end":{"line":15,"column":23}},"15":{"start":{"line":16,"column":0},"end":{"line":16,"column":73}},"16":{"start":{"line":17,"column":0},"end":{"line":17,"column":19}},"17":{"start":{"line":18,"column":0},"end":{"line":18,"column":7}},"18":{"start":{"line":19,"column":0},"end":{"line":19,"column":28}},"19":{"start":{"line":20,"column":0},"end":{"line":20,"column":14}},"20":{"start":{"line":21,"column":0},"end":{"line":21,"column":17}},"21":{"start":{"line":22,"column":0},"end":{"line":22,"column":23}},"22":{"start":{"line":23,"column":0},"end":{"line":23,"column":29}},"23":{"start":{"line":24,"column":0},"end":{"line":24,"column":7}},"24":{"start":{"line":25,"column":0},"end":{"line":25,"column":23}},"25":{"start":{"line":26,"column":0},"end":{"line":26,"column":14}},"26":{"start":{"line":27,"column":0},"end":{"line":27,"column":17}},"27":{"start":{"line":28,"column":0},"end":{"line":28,"column":40}},"28":{"start":{"line":29,"column":0},"end":{"line":29,"column":19}},"29":{"start":{"line":30,"column":0},"end":{"line":30,"column":64}},"30":{"start":{"line":31,"column":0},"end":{"line":31,"column":27}},"31":{"start":{"line":32,"column":0},"end":{"line":32,"column":7}},"32":{"start":{"line":33,"column":0},"end":{"line":33,"column":12}},"33":{"start":{"line":34,"column":0},"end":{"line":34,"column":18}},"34":{"start":{"line":35,"column":0},"end":{"line":35,"column":3}},"35":{"start":{"line":36,"column":0},"end":{"line":36,"column":1}},"37":{"start":{"line":38,"column":0},"end":{"line":38,"column":54}},"38":{"start":{"line":39,"column":0},"end":{"line":39,"column":76}},"39":{"start":{"line":40,"column":0},"end":{"line":40,"column":16}},"40":{"start":{"line":41,"column":0},"end":{"line":41,"column":5}},"41":{"start":{"line":42,"column":0},"end":{"line":42,"column":15}},"42":{"start":{"line":43,"column":0},"end":{"line":43,"column":14}},"43":{"start":{"line":44,"column":0},"end":{"line":44,"column":20}},"44":{"start":{"line":45,"column":0},"end":{"line":45,"column":18}},"45":{"start":{"line":46,"column":0},"end":{"line":46,"column":23}},"46":{"start":{"line":47,"column":0},"end":{"line":47,"column":5}},"47":{"start":{"line":48,"column":0},"end":{"line":48,"column":3}},"48":{"start":{"line":49,"column":0},"end":{"line":49,"column":45}},"49":{"start":{"line":50,"column":0},"end":{"line":50,"column":36}},"50":{"start":{"line":51,"column":0},"end":{"line":51,"column":9}},"51":{"start":{"line":52,"column":0},"end":{"line":52,"column":43}},"52":{"start":{"line":53,"column":0},"end":{"line":53,"column":16}},"53":{"start":{"line":54,"column":0},"end":{"line":54,"column":35}},"54":{"start":{"line":55,"column":0},"end":{"line":55,"column":50}},"55":{"start":{"line":56,"column":0},"end":{"line":56,"column":8}},"56":{"start":{"line":57,"column":0},"end":{"line":57,"column":21}},"57":{"start":{"line":58,"column":0},"end":{"line":58,"column":60}},"58":{"start":{"line":59,"column":0},"end":{"line":59,"column":5}},"59":{"start":{"line":60,"column":0},"end":{"line":60,"column":8}},"60":{"start":{"line":61,"column":0},"end":{"line":61,"column":33}},"61":{"start":{"line":62,"column":0},"end":{"line":62,"column":14}},"62":{"start":{"line":63,"column":0},"end":{"line":63,"column":26}},"63":{"start":{"line":64,"column":0},"end":{"line":64,"column":48}},"64":{"start":{"line":65,"column":0},"end":{"line":65,"column":6}},"65":{"start":{"line":66,"column":0},"end":{"line":66,"column":3}},"66":{"start":{"line":67,"column":0},"end":{"line":67,"column":39}},"67":{"start":{"line":68,"column":0},"end":{"line":68,"column":39}},"68":{"start":{"line":69,"column":0},"end":{"line":69,"column":32}},"69":{"start":{"line":70,"column":0},"end":{"line":70,"column":33}},"70":{"start":{"line":71,"column":0},"end":{"line":71,"column":18}},"71":{"start":{"line":72,"column":0},"end":{"line":72,"column":10}},"72":{"start":{"line":73,"column":0},"end":{"line":73,"column":24}},"73":{"start":{"line":74,"column":0},"end":{"line":74,"column":9}},"74":{"start":{"line":75,"column":0},"end":{"line":75,"column":12}},"75":{"start":{"line":76,"column":0},"end":{"line":76,"column":10}},"76":{"start":{"line":77,"column":0},"end":{"line":77,"column":15}},"77":{"start":{"line":78,"column":0},"end":{"line":78,"column":14}},"78":{"start":{"line":79,"column":0},"end":{"line":79,"column":14}},"79":{"start":{"line":80,"column":0},"end":{"line":80,"column":3}},"80":{"start":{"line":81,"column":0},"end":{"line":81,"column":1}},"82":{"start":{"line":83,"column":0},"end":{"line":83,"column":36}}},"s":{"0":1,"1":1,"3":1,"4":11,"5":11,"6":4,"7":4,"8":4,"9":4,"10":11,"11":3,"12":3,"13":3,"14":3,"15":3,"16":3,"17":3,"18":11,"19":1,"20":1,"21":1,"22":1,"23":1,"24":11,"25":3,"26":3,"27":3,"28":3,"29":3,"30":3,"31":3,"32":11,"33":0,"34":11,"35":11,"37":1,"38":15,"39":15,"40":15,"41":15,"42":15,"43":15,"44":15,"45":15,"46":15,"47":15,"48":15,"49":4,"50":4,"51":4,"52":3,"53":3,"54":3,"55":3,"56":4,"57":1,"58":1,"59":15,"60":15,"61":3,"62":3,"63":3,"64":3,"65":3,"66":15,"67":10,"68":10,"69":10,"70":15,"71":15,"72":15,"73":15,"74":15,"75":15,"76":15,"77":15,"78":15,"79":15,"80":15,"82":1},"branchMap":{"0":{"type":"branch","line":4,"loc":{"start":{"line":4,"column":20},"end":{"line":36,"column":1}},"locations":[{"start":{"line":4,"column":20},"end":{"line":36,"column":1}}]},"1":{"type":"branch","line":6,"loc":{"start":{"line":6,"column":4},"end":{"line":10,"column":7}},"locations":[{"start":{"line":6,"column":4},"end":{"line":10,"column":7}}]},"2":{"type":"branch","line":11,"loc":{"start":{"line":11,"column":4},"end":{"line":18,"column":7}},"locations":[{"start":{"line":11,"column":4},"end":{"line":18,"column":7}}]},"3":{"type":"branch","line":19,"loc":{"start":{"line":19,"column":4},"end":{"line":24,"column":7}},"locations":[{"start":{"line":19,"column":4},"end":{"line":24,"column":7}}]},"4":{"type":"branch","line":25,"loc":{"start":{"line":25,"column":4},"end":{"line":32,"column":7}},"locations":[{"start":{"line":25,"column":4},"end":{"line":32,"column":7}}]},"5":{"type":"branch","line":33,"loc":{"start":{"line":33,"column":4},"end":{"line":34,"column":18}},"locations":[{"start":{"line":33,"column":4},"end":{"line":34,"column":18}}]},"6":{"type":"branch","line":38,"loc":{"start":{"line":38,"column":30},"end":{"line":81,"column":1}},"locations":[{"start":{"line":38,"column":30},"end":{"line":81,"column":1}}]},"7":{"type":"branch","line":49,"loc":{"start":{"line":49,"column":32},"end":{"line":60,"column":5}},"locations":[{"start":{"line":49,"column":32},"end":{"line":60,"column":5}}]},"8":{"type":"branch","line":52,"loc":{"start":{"line":52,"column":42},"end":{"line":57,"column":13}},"locations":[{"start":{"line":52,"column":42},"end":{"line":57,"column":13}}]},"9":{"type":"branch","line":57,"loc":{"start":{"line":57,"column":4},"end":{"line":59,"column":5}},"locations":[{"start":{"line":57,"column":4},"end":{"line":59,"column":5}}]},"10":{"type":"branch","line":61,"loc":{"start":{"line":61,"column":21},"end":{"line":66,"column":3}},"locations":[{"start":{"line":61,"column":21},"end":{"line":66,"column":3}}]},"11":{"type":"branch","line":67,"loc":{"start":{"line":67,"column":32},"end":{"line":71,"column":5}},"locations":[{"start":{"line":67,"column":32},"end":{"line":71,"column":5}}]}},"b":{"0":[11],"1":[4],"2":[3],"3":[1],"4":[3],"5":[0],"6":[15],"7":[4],"8":[3],"9":[1],"10":[3],"11":[10]},"fnMap":{"0":{"name":"dataReducer","decl":{"start":{"line":4,"column":20},"end":{"line":36,"column":1}},"loc":{"start":{"line":4,"column":20},"end":{"line":36,"column":1}},"line":4},"1":{"name":"usePaginatedDataFetch","decl":{"start":{"line":38,"column":30},"end":{"line":81,"column":1}},"loc":{"start":{"line":38,"column":30},"end":{"line":81,"column":1}},"line":38},"2":{"name":"updatePage","decl":{"start":{"line":61,"column":21},"end":{"line":66,"column":3}},"loc":{"start":{"line":61,"column":21},"end":{"line":66,"column":3}},"line":61}},"f":{"0":11,"1":15,"2":3}}
}
